Analysis & Synthesis report for FProject
Sat Jan 30 13:50:42 2016
Quartus II 64-Bit Version 12.1 Build 243 01/31/2013 Service Pack 1 SJ Full Version


---------------------
; Table of Contents ;
---------------------
  1. Legal Notice
  2. Analysis & Synthesis Summary
  3. Analysis & Synthesis Settings
  4. Parallel Compilation
  5. Analysis & Synthesis Source Files Read
  6. Analysis & Synthesis Resource Usage Summary
  7. Analysis & Synthesis Resource Utilization by Entity
  8. General Register Statistics
  9. Elapsed Time Per Partition
 10. Analysis & Synthesis Messages



----------------
; Legal Notice ;
----------------
Copyright (C) 1991-2012 Altera Corporation
Your use of Altera Corporation's design tools, logic functions 
and other software and tools, and its AMPP partner logic 
functions, and any output files from any of the foregoing 
(including device programming or simulation files), and any 
associated documentation or information are expressly subject 
to the terms and conditions of the Altera Program License 
Subscription Agreement, Altera MegaCore Function License 
Agreement, or other applicable license agreement, including, 
without limitation, that your use is for the sole purpose of 
programming logic devices manufactured by Altera and sold by 
Altera or its authorized distributors.  Please refer to the 
applicable agreement for further details.



+-------------------------------------------------------------------------------------+
; Analysis & Synthesis Summary                                                        ;
+------------------------------------+------------------------------------------------+
; Analysis & Synthesis Status        ; Successful - Sat Jan 30 13:50:41 2016          ;
; Quartus II 64-Bit Version          ; 12.1 Build 243 01/31/2013 SP 1 SJ Full Version ;
; Revision Name                      ; FProject                                       ;
; Top-level Entity Name              ; FinalProject                                   ;
; Family                             ; Cyclone II                                     ;
; Total logic elements               ; 65                                             ;
;     Total combinational functions  ; 49                                             ;
;     Dedicated logic registers      ; 30                                             ;
; Total registers                    ; 30                                             ;
; Total pins                         ; 44                                             ;
; Total virtual pins                 ; 0                                              ;
; Total memory bits                  ; 0                                              ;
; Embedded Multiplier 9-bit elements ; 0                                              ;
; Total PLLs                         ; 0                                              ;
+------------------------------------+------------------------------------------------+


+----------------------------------------------------------------------------------------------------------------------+
; Analysis & Synthesis Settings                                                                                        ;
+----------------------------------------------------------------------------+--------------------+--------------------+
; Option                                                                     ; Setting            ; Default Value      ;
+----------------------------------------------------------------------------+--------------------+--------------------+
; Device                                                                     ; EP2C35F672C6       ;                    ;
; Top-level entity name                                                      ; FinalProject       ; FProject           ;
; Family name                                                                ; Cyclone II         ; Cyclone IV GX      ;
; Use smart compilation                                                      ; Off                ; Off                ;
; Enable parallel Assembler and TimeQuest Timing Analyzer during compilation ; On                 ; On                 ;
; Enable compact report table                                                ; Off                ; Off                ;
; Restructure Multiplexers                                                   ; Auto               ; Auto               ;
; Create Debugging Nodes for IP Cores                                        ; Off                ; Off                ;
; Preserve fewer node names                                                  ; On                 ; On                 ;
; Disable OpenCore Plus hardware evaluation                                  ; Off                ; Off                ;
; Verilog Version                                                            ; Verilog_2001       ; Verilog_2001       ;
; VHDL Version                                                               ; VHDL_1993          ; VHDL_1993          ;
; State Machine Processing                                                   ; Auto               ; Auto               ;
; Safe State Machine                                                         ; Off                ; Off                ;
; Extract Verilog State Machines                                             ; On                 ; On                 ;
; Extract VHDL State Machines                                                ; On                 ; On                 ;
; Ignore Verilog initial constructs                                          ; Off                ; Off                ;
; Iteration limit for constant Verilog loops                                 ; 5000               ; 5000               ;
; Iteration limit for non-constant Verilog loops                             ; 250                ; 250                ;
; Add Pass-Through Logic to Inferred RAMs                                    ; On                 ; On                 ;
; Infer RAMs from Raw Logic                                                  ; On                 ; On                 ;
; Parallel Synthesis                                                         ; On                 ; On                 ;
; DSP Block Balancing                                                        ; Auto               ; Auto               ;
; NOT Gate Push-Back                                                         ; On                 ; On                 ;
; Power-Up Don't Care                                                        ; On                 ; On                 ;
; Remove Redundant Logic Cells                                               ; Off                ; Off                ;
; Remove Duplicate Registers                                                 ; On                 ; On                 ;
; Ignore CARRY Buffers                                                       ; Off                ; Off                ;
; Ignore CASCADE Buffers                                                     ; Off                ; Off                ;
; Ignore GLOBAL Buffers                                                      ; Off                ; Off                ;
; Ignore ROW GLOBAL Buffers                                                  ; Off                ; Off                ;
; Ignore LCELL Buffers                                                       ; Off                ; Off                ;
; Ignore SOFT Buffers                                                        ; On                 ; On                 ;
; Limit AHDL Integers to 32 Bits                                             ; Off                ; Off                ;
; Optimization Technique                                                     ; Balanced           ; Balanced           ;
; Carry Chain Length                                                         ; 70                 ; 70                 ;
; Auto Carry Chains                                                          ; On                 ; On                 ;
; Auto Open-Drain Pins                                                       ; On                 ; On                 ;
; Perform WYSIWYG Primitive Resynthesis                                      ; Off                ; Off                ;
; Auto ROM Replacement                                                       ; On                 ; On                 ;
; Auto RAM Replacement                                                       ; On                 ; On                 ;
; Auto Shift Register Replacement                                            ; Auto               ; Auto               ;
; Allow Shift Register Merging across Hierarchies                            ; Auto               ; Auto               ;
; Auto Clock Enable Replacement                                              ; On                 ; On                 ;
; Strict RAM Replacement                                                     ; Off                ; Off                ;
; Allow Synchronous Control Signals                                          ; On                 ; On                 ;
; Force Use of Synchronous Clear Signals                                     ; Off                ; Off                ;
; Auto RAM to Logic Cell Conversion                                          ; Off                ; Off                ;
; Auto Resource Sharing                                                      ; Off                ; Off                ;
; Allow Any RAM Size For Recognition                                         ; Off                ; Off                ;
; Allow Any ROM Size For Recognition                                         ; Off                ; Off                ;
; Allow Any Shift Register Size For Recognition                              ; Off                ; Off                ;
; Use LogicLock Constraints during Resource Balancing                        ; On                 ; On                 ;
; Ignore translate_off and synthesis_off directives                          ; Off                ; Off                ;
; Timing-Driven Synthesis                                                    ; Off                ; Off                ;
; Report Parameter Settings                                                  ; On                 ; On                 ;
; Report Source Assignments                                                  ; On                 ; On                 ;
; Report Connectivity Checks                                                 ; On                 ; On                 ;
; Ignore Maximum Fan-Out Assignments                                         ; Off                ; Off                ;
; Synchronization Register Chain Length                                      ; 2                  ; 2                  ;
; PowerPlay Power Optimization                                               ; Normal compilation ; Normal compilation ;
; HDL message level                                                          ; Level2             ; Level2             ;
; Suppress Register Optimization Related Messages                            ; Off                ; Off                ;
; Number of Removed Registers Reported in Synthesis Report                   ; 5000               ; 5000               ;
; Number of Swept Nodes Reported in Synthesis Report                         ; 5000               ; 5000               ;
; Number of Inverted Registers Reported in Synthesis Report                  ; 100                ; 100                ;
; Clock MUX Protection                                                       ; On                 ; On                 ;
; Auto Gated Clock Conversion                                                ; Off                ; Off                ;
; Block Design Naming                                                        ; Auto               ; Auto               ;
; SDC constraint protection                                                  ; Off                ; Off                ;
; Synthesis Effort                                                           ; Auto               ; Auto               ;
; Shift Register Replacement - Allow Asynchronous Clear Signal               ; On                 ; On                 ;
; Pre-Mapping Resynthesis Optimization                                       ; Off                ; Off                ;
; Analysis & Synthesis Message Level                                         ; Medium             ; Medium             ;
; Disable Register Merging Across Hierarchies                                ; Auto               ; Auto               ;
; Resource Aware Inference For Block RAM                                     ; On                 ; On                 ;
; Synthesis Seed                                                             ; 1                  ; 1                  ;
+----------------------------------------------------------------------------+--------------------+--------------------+


+------------------------------------------+
; Parallel Compilation                     ;
+----------------------------+-------------+
; Processors                 ; Number      ;
+----------------------------+-------------+
; Number detected on machine ; 8           ;
; Maximum allowed            ; 4           ;
;                            ;             ;
; Average used               ; 1.00        ;
; Maximum used               ; 1           ;
;                            ;             ;
; Usage by Processor         ; % Time Used ;
;     1 processor            ; 100.0%      ;
;     2-8 processors         ;   0.0%      ;
+----------------------------+-------------+


+-------------------------------------------------------------------------------------------------------------------------------------------------------------+
; Analysis & Synthesis Source Files Read                                                                                                                      ;
+----------------------------------+-----------------+------------------------------------+---------------------------------------------------------+---------+
; File Name with User-Entered Path ; Used in Netlist ; File Type                          ; File Name with Absolute Path                            ; Library ;
+----------------------------------+-----------------+------------------------------------+---------------------------------------------------------+---------+
; FProject.bdf                     ; yes             ; User Block Diagram/Schematic File  ; /home/deeksha/Cpre 281/FinalProject/FProject.bdf        ;         ;
; statemachine.v                   ; yes             ; User Verilog HDL File              ; /home/deeksha/Cpre 281/FinalProject/statemachine.v      ;         ;
; mux2to1.v                        ; yes             ; User Verilog HDL File              ; /home/deeksha/Cpre 281/FinalProject/mux2to1.v           ;         ;
; Rfile.bdf                        ; yes             ; User Block Diagram/Schematic File  ; /home/deeksha/Cpre 281/FinalProject/Rfile.bdf           ;         ;
; decoder2to4.v                    ; yes             ; User Verilog HDL File              ; /home/deeksha/Cpre 281/FinalProject/decoder2to4.v       ;         ;
; piso.bdf                         ; yes             ; User Block Diagram/Schematic File  ; /home/deeksha/Cpre 281/FinalProject/piso.bdf            ;         ;
; twobitcounter.bdf                ; yes             ; User Block Diagram/Schematic File  ; /home/deeksha/Cpre 281/FinalProject/twobitcounter.bdf   ;         ;
; Register.bdf                     ; yes             ; User Block Diagram/Schematic File  ; /home/deeksha/Cpre 281/FinalProject/Register.bdf        ;         ;
; FinalProject.bdf                 ; yes             ; User Block Diagram/Schematic File  ; /home/deeksha/Cpre 281/FinalProject/FinalProject.bdf    ;         ;
; seven_seg_decoder.v              ; yes             ; Auto-Found Verilog HDL File        ; /home/deeksha/Cpre 281/FinalProject/seven_seg_decoder.v ;         ;
+----------------------------------+-----------------+------------------------------------+---------------------------------------------------------+---------+


+-----------------------------------------------------+
; Analysis & Synthesis Resource Usage Summary         ;
+---------------------------------------------+-------+
; Resource                                    ; Usage ;
+---------------------------------------------+-------+
; Estimated Total logic elements              ; 65    ;
;                                             ;       ;
; Total combinational functions               ; 49    ;
; Logic element usage by number of LUT inputs ;       ;
;     -- 4 input functions                    ; 32    ;
;     -- 3 input functions                    ; 13    ;
;     -- <=2 input functions                  ; 4     ;
;                                             ;       ;
; Logic elements by mode                      ;       ;
;     -- normal mode                          ; 49    ;
;     -- arithmetic mode                      ; 0     ;
;                                             ;       ;
; Total registers                             ; 30    ;
;     -- Dedicated logic registers            ; 30    ;
;     -- I/O registers                        ; 0     ;
;                                             ;       ;
; I/O pins                                    ; 44    ;
; Embedded Multiplier 9-bit elements          ; 0     ;
; Maximum fan-out                             ; 30    ;
; Total fan-out                               ; 283   ;
; Average fan-out                             ; 2.30  ;
+---------------------------------------------+-------+


+-------------------------------------------------------------------------------------------------------------------------------------------------------------------------------------------------------------+
; Analysis & Synthesis Resource Utilization by Entity                                                                                                                                                         ;
+-------------------------------+-------------------+--------------+-------------+--------------+---------+-----------+------+--------------+--------------------------------------------------+--------------+
; Compilation Hierarchy Node    ; LC Combinationals ; LC Registers ; Memory Bits ; DSP Elements ; DSP 9x9 ; DSP 18x18 ; Pins ; Virtual Pins ; Full Hierarchy Name                              ; Library Name ;
+-------------------------------+-------------------+--------------+-------------+--------------+---------+-----------+------+--------------+--------------------------------------------------+--------------+
; |FinalProject                 ; 49 (0)            ; 30 (0)       ; 0           ; 0            ; 0       ; 0         ; 44   ; 0            ; |FinalProject                                    ;              ;
;    |FProject:inst2|           ; 7 (1)             ; 4 (4)        ; 0           ; 0            ; 0       ; 0         ; 0    ; 0            ; |FinalProject|FProject:inst2                     ;              ;
;       |statemachine:inst10|   ; 6 (6)             ; 0 (0)        ; 0           ; 0            ; 0       ; 0         ; 0    ; 0            ; |FinalProject|FProject:inst2|statemachine:inst10 ;              ;
;    |Register:inst|            ; 4 (0)             ; 16 (0)       ; 0           ; 0            ; 0       ; 0         ; 0    ; 0            ; |FinalProject|Register:inst                      ;              ;
;       |Rfile:inst2|           ; 0 (0)             ; 4 (4)        ; 0           ; 0            ; 0       ; 0         ; 0    ; 0            ; |FinalProject|Register:inst|Rfile:inst2          ;              ;
;       |Rfile:inst3|           ; 0 (0)             ; 4 (4)        ; 0           ; 0            ; 0       ; 0         ; 0    ; 0            ; |FinalProject|Register:inst|Rfile:inst3          ;              ;
;       |Rfile:inst4|           ; 0 (0)             ; 4 (4)        ; 0           ; 0            ; 0       ; 0         ; 0    ; 0            ; |FinalProject|Register:inst|Rfile:inst4          ;              ;
;       |Rfile:inst9|           ; 0 (0)             ; 4 (4)        ; 0           ; 0            ; 0       ; 0         ; 0    ; 0            ; |FinalProject|Register:inst|Rfile:inst9          ;              ;
;       |decoder2to4:inst1|     ; 4 (4)             ; 0 (0)        ; 0           ; 0            ; 0       ; 0         ; 0    ; 0            ; |FinalProject|Register:inst|decoder2to4:inst1    ;              ;
;    |piso:inst52|              ; 8 (8)             ; 8 (8)        ; 0           ; 0            ; 0       ; 0         ; 0    ; 0            ; |FinalProject|piso:inst52                        ;              ;
;    |seven_seg_decoder:inst56| ; 7 (7)             ; 0 (0)        ; 0           ; 0            ; 0       ; 0         ; 0    ; 0            ; |FinalProject|seven_seg_decoder:inst56           ;              ;
;    |seven_seg_decoder:inst57| ; 7 (7)             ; 0 (0)        ; 0           ; 0            ; 0       ; 0         ; 0    ; 0            ; |FinalProject|seven_seg_decoder:inst57           ;              ;
;    |seven_seg_decoder:inst58| ; 7 (7)             ; 0 (0)        ; 0           ; 0            ; 0       ; 0         ; 0    ; 0            ; |FinalProject|seven_seg_decoder:inst58           ;              ;
;    |seven_seg_decoder:inst59| ; 7 (7)             ; 0 (0)        ; 0           ; 0            ; 0       ; 0         ; 0    ; 0            ; |FinalProject|seven_seg_decoder:inst59           ;              ;
;    |twobitcounter:inst1|      ; 2 (2)             ; 2 (2)        ; 0           ; 0            ; 0       ; 0         ; 0    ; 0            ; |FinalProject|twobitcounter:inst1                ;              ;
+-------------------------------+-------------------+--------------+-------------+--------------+---------+-----------+------+--------------+--------------------------------------------------+--------------+
Note: For table entries with two numbers listed, the numbers in parentheses indicate the number of resources of the given type used by the specific entity alone. The numbers listed outside of parentheses indicate the total resources of the given type used by the specific entity and all of its sub-entities in the hierarchy.


+------------------------------------------------------+
; General Register Statistics                          ;
+----------------------------------------------+-------+
; Statistic                                    ; Value ;
+----------------------------------------------+-------+
; Total registers                              ; 30    ;
; Number of registers using Synchronous Clear  ; 0     ;
; Number of registers using Synchronous Load   ; 0     ;
; Number of registers using Asynchronous Clear ; 0     ;
; Number of registers using Asynchronous Load  ; 0     ;
; Number of registers using Clock Enable       ; 16    ;
; Number of registers using Preset             ; 0     ;
+----------------------------------------------+-------+


+-------------------------------+
; Elapsed Time Per Partition    ;
+----------------+--------------+
; Partition Name ; Elapsed Time ;
+----------------+--------------+
; Top            ; 00:00:00     ;
+----------------+--------------+


+-------------------------------+
; Analysis & Synthesis Messages ;
+-------------------------------+
Info: *******************************************************************
Info: Running Quartus II 64-Bit Analysis & Synthesis
    Info: Version 12.1 Build 243 01/31/2013 Service Pack 1 SJ Full Version
    Info: Processing started: Sat Jan 30 13:50:38 2016
Info: Command: quartus_map --read_settings_files=on --write_settings_files=off FProject -c FProject
Info (11104): Parallel Compilation has detected 8 hyper-threaded processors. However, the extra hyper-threaded processors will not be used by default. Parallel Compilation will use 4 of the 4 physical processors detected instead.
Info (12021): Found 1 design units, including 1 entities, in source file FProject.bdf
    Info (12023): Found entity 1: FProject
Info (12021): Found 1 design units, including 1 entities, in source file statemachine.v
    Info (12023): Found entity 1: statemachine
Info (12021): Found 1 design units, including 1 entities, in source file mux2to1.v
    Info (12023): Found entity 1: mux2to1
Info (12021): Found 1 design units, including 1 entities, in source file Rfile.bdf
    Info (12023): Found entity 1: Rfile
Info (12021): Found 1 design units, including 1 entities, in source file decoder2to4.v
    Info (12023): Found entity 1: decoder2to4
Info (12021): Found 1 design units, including 1 entities, in source file piso.bdf
    Info (12023): Found entity 1: piso
Info (12021): Found 1 design units, including 1 entities, in source file twobitcounter.bdf
    Info (12023): Found entity 1: twobitcounter
Info (12021): Found 1 design units, including 1 entities, in source file Register.bdf
    Info (12023): Found entity 1: Register
Info (12021): Found 1 design units, including 1 entities, in source file FinalProject.bdf
    Info (12023): Found entity 1: FinalProject
Info (12127): Elaborating entity "FinalProject" for the top level hierarchy
Warning (12125): Using design file seven_seg_decoder.v, which is not specified as a design file for the current project, but contains definitions for 1 design units and 1 entities in project
    Info (12023): Found entity 1: seven_seg_decoder
Info (12128): Elaborating entity "seven_seg_decoder" for hierarchy "seven_seg_decoder:inst56"
Info (12128): Elaborating entity "Register" for hierarchy "Register:inst"
Info (12128): Elaborating entity "decoder2to4" for hierarchy "Register:inst|decoder2to4:inst1"
Info (12128): Elaborating entity "Rfile" for hierarchy "Register:inst|Rfile:inst2"
Info (12128): Elaborating entity "mux2to1" for hierarchy "Register:inst|Rfile:inst2|mux2to1:inst8"
Info (12128): Elaborating entity "twobitcounter" for hierarchy "twobitcounter:inst1"
Info (12128): Elaborating entity "FProject" for hierarchy "FProject:inst2"
Info (12128): Elaborating entity "statemachine" for hierarchy "FProject:inst2|statemachine:inst10"
Info (12128): Elaborating entity "piso" for hierarchy "piso:inst52"
Info (16010): Generating hard_block partition "hard_block:auto_generated_inst"
    Info (16011): Adding 0 node(s), including 0 DDIO, 0 PLL, 0 transceiver and 0 LCELL
Info (21057): Implemented 109 device resources after synthesis - the final resource count might be different
    Info (21058): Implemented 12 input pins
    Info (21059): Implemented 32 output pins
    Info (21061): Implemented 65 logic cells
Info: Quartus II 64-Bit Analysis & Synthesis was successful. 0 errors, 1 warning
    Info: Peak virtual memory: 627 megabytes
    Info: Processing ended: Sat Jan 30 13:50:42 2016
    Info: Elapsed time: 00:00:04
    Info: Total CPU time (on all processors): 00:00:01


