Flow report for FProject
Sat Jan 30 13:51:01 2016
Quartus II 64-Bit Version 12.1 Build 243 01/31/2013 Service Pack 1 SJ Full Version


---------------------
; Table of Contents ;
---------------------
  1. Legal Notice
  2. Flow Summary
  3. Flow Settings
  4. Flow Non-Default Global Settings
  5. Flow Elapsed Time
  6. Flow OS Summary
  7. Flow Log



----------------
; Legal Notice ;
----------------
Copyright (C) 1991-2012 Altera Corporation
Your use of Altera Corporation's design tools, logic functions 
and other software and tools, and its AMPP partner logic 
functions, and any output files from any of the foregoing 
(including device programming or simulation files), and any 
associated documentation or information are expressly subject 
to the terms and conditions of the Altera Program License 
Subscription Agreement, Altera MegaCore Function License 
Agreement, or other applicable license agreement, including, 
without limitation, that your use is for the sole purpose of 
programming logic devices manufactured by Altera and sold by 
Altera or its authorized distributors.  Please refer to the 
applicable agreement for further details.



+-------------------------------------------------------------------------------------+
; Flow Summary                                                                        ;
+------------------------------------+------------------------------------------------+
; Flow Status                        ; Successful - Sat Jan 30 13:51:01 2016          ;
; Quartus II 64-Bit Version          ; 12.1 Build 243 01/31/2013 SP 1 SJ Full Version ;
; Revision Name                      ; FProject                                       ;
; Top-level Entity Name              ; FinalProject                                   ;
; Family                             ; Cyclone II                                     ;
; Device                             ; EP2C35F672C6                                   ;
; Timing Models                      ; Final                                          ;
; Total logic elements               ; 62 / 33,216 ( < 1 % )                          ;
;     Total combinational functions  ; 49 / 33,216 ( < 1 % )                          ;
;     Dedicated logic registers      ; 30 / 33,216 ( < 1 % )                          ;
; Total registers                    ; 30                                             ;
; Total pins                         ; 44 / 475 ( 9 % )                               ;
; Total virtual pins                 ; 0                                              ;
; Total memory bits                  ; 0 / 483,840 ( 0 % )                            ;
; Embedded Multiplier 9-bit elements ; 0 / 70 ( 0 % )                                 ;
; Total PLLs                         ; 0 / 4 ( 0 % )                                  ;
+------------------------------------+------------------------------------------------+


+-----------------------------------------+
; Flow Settings                           ;
+-------------------+---------------------+
; Option            ; Setting             ;
+-------------------+---------------------+
; Start date & time ; 01/30/2016 13:50:38 ;
; Main task         ; Compilation         ;
; Revision Name     ; FProject            ;
+-------------------+---------------------+


+--------------------------------------------------------------------------------------------------------------+
; Flow Non-Default Global Settings                                                                             ;
+-------------------------------------+------------------------+---------------+--------------+----------------+
; Assignment Name                     ; Value                  ; Default Value ; Entity Name  ; Section Id     ;
+-------------------------------------+------------------------+---------------+--------------+----------------+
; COMPILER_SIGNATURE_ID               ; 0.145418343825960      ; --            ; --           ; --             ;
; EDA_OUTPUT_DATA_FORMAT              ; Vhdl                   ; --            ; --           ; eda_simulation ;
; EDA_SIMULATION_TOOL                 ; ModelSim-Altera (VHDL) ; <None>        ; --           ; --             ;
; MAX_CORE_JUNCTION_TEMP              ; 85                     ; --            ; --           ; --             ;
; MIN_CORE_JUNCTION_TEMP              ; 0                      ; --            ; --           ; --             ;
; PARTITION_COLOR                     ; 16764057               ; --            ; FinalProject ; Top            ;
; PARTITION_FITTER_PRESERVATION_LEVEL ; PLACEMENT_AND_ROUTING  ; --            ; FinalProject ; Top            ;
; PARTITION_NETLIST_TYPE              ; SOURCE                 ; --            ; FinalProject ; Top            ;
; PROJECT_OUTPUT_DIRECTORY            ; output_files           ; --            ; --           ; --             ;
; TOP_LEVEL_ENTITY                    ; FinalProject           ; FProject      ; --           ; --             ;
+-------------------------------------+------------------------+---------------+--------------+----------------+


+-------------------------------------------------------------------------------------------------------------------------------+
; Flow Elapsed Time                                                                                                             ;
+---------------------------+--------------+-------------------------+---------------------+------------------------------------+
; Module Name               ; Elapsed Time ; Average Processors Used ; Peak Virtual Memory ; Total CPU Time (on all processors) ;
+---------------------------+--------------+-------------------------+---------------------+------------------------------------+
; Analysis & Synthesis      ; 00:00:03     ; 1.0                     ; 619 MB              ; 00:00:01                           ;
; Fitter                    ; 00:00:07     ; 2.3                     ; 780 MB              ; 00:00:05                           ;
; Assembler                 ; 00:00:02     ; 1.0                     ; 614 MB              ; 00:00:01                           ;
; TimeQuest Timing Analyzer ; 00:00:02     ; 1.0                     ; 601 MB              ; 00:00:01                           ;
; EDA Netlist Writer        ; 00:00:01     ; 1.0                     ; 761 MB              ; 00:00:00                           ;
; Total                     ; 00:00:15     ; --                      ; --                  ; 00:00:08                           ;
+---------------------------+--------------+-------------------------+---------------------+------------------------------------+


+-----------------------------------------------------------------------------------------------+
; Flow OS Summary                                                                               ;
+---------------------------+---------------------------+---------+------------+----------------+
; Module Name               ; Machine Hostname          ; OS Name ; OS Version ; Processor type ;
+---------------------------+---------------------------+---------+------------+----------------+
; Analysis & Synthesis      ; co2050-12.ece.iastate.edu ; Red Hat ; 6          ; x86_64         ;
; Fitter                    ; co2050-12.ece.iastate.edu ; Red Hat ; 6          ; x86_64         ;
; Assembler                 ; co2050-12.ece.iastate.edu ; Red Hat ; 6          ; x86_64         ;
; TimeQuest Timing Analyzer ; co2050-12.ece.iastate.edu ; Red Hat ; 6          ; x86_64         ;
; EDA Netlist Writer        ; co2050-12.ece.iastate.edu ; Red Hat ; 6          ; x86_64         ;
+---------------------------+---------------------------+---------+------------+----------------+


------------
; Flow Log ;
------------
quartus_map --read_settings_files=on --write_settings_files=off FProject -c FProject
quartus_fit --read_settings_files=off --write_settings_files=off FProject -c FProject
quartus_asm --read_settings_files=off --write_settings_files=off FProject -c FProject
quartus_sta FProject -c FProject
quartus_eda --read_settings_files=off --write_settings_files=off FProject -c FProject



